# JRE version: Java(TM) SE Runtime Environment (8.0_74-b02) (build 1.8.0_74-b02)
# Java VM: Java HotSpot(TM) 64-Bit Server VM (25.74-b02 mixed mode linux-amd64 compressed oops)
Heap:
 PSYoungGen      total 176640K, used 49192K [0x00000000efd80000, 0x0000000100000000, 0x0000000100000000)
  eden space 88576K, 0% used [0x00000000efd80000,0x00000000efd80000,0x00000000f5400000)
  from space 88064K, 55% used [0x00000000f5400000,0x00000000f840a358,0x00000000faa00000)
  to   space 88064K, 0% used [0x00000000faa00000,0x00000000faa00000,0x0000000100000000)
 ParOldGen       total 336896K, used 335768K [0x00000000cf800000, 0x00000000e4100000, 0x00000000efd80000)
  object space 336896K, 99% used [0x00000000cf800000,0x00000000e3fe6018,0x00000000e4100000)
 Metaspace       used 14050K, capacity 14418K, committed 14720K, reserved 1062912K
  class space    used 1537K, capacity 1643K, committed 1664K, reserved 1048576K
GC Heap History (10 events):
Event: 87.867 GC heap after
Heap after GC invocations=18 (full 4):
 PSYoungGen      total 176640K, used 28706K [0x00000000efd80000, 0x0000000100000000, 0x0000000100000000)
  eden space 88576K, 0% used [0x00000000efd80000,0x00000000efd80000,0x00000000f5400000)
  from space 88064K, 32% used [0x00000000faa00000,0x00000000fc608a48,0x0000000100000000)
  to   space 88064K, 0% used [0x00000000f5400000,0x00000000f5400000,0x00000000faa00000)
 ParOldGen       total 194560K, used 172915K [0x00000000cf800000, 0x00000000db600000, 0x00000000efd80000)
  object space 194560K, 88% used [0x00000000cf800000,0x00000000da0dce28,0x00000000db600000)
 Metaspace       used 13910K, capacity 14290K, committed 14464K, reserved 1062912K
  class space    used 1537K, capacity 1643K, committed 1664K, reserved 1048576K
}
Event: 87.867 GC heap before
{Heap before GC invocations=19 (full 5):
 PSYoungGen      total 176640K, used 28706K [0x00000000efd80000, 0x0000000100000000, 0x0000000100000000)
  eden space 88576K, 0% used [0x00000000efd80000,0x00000000efd80000,0x00000000f5400000)
  from space 88064K, 32% used [0x00000000faa00000,0x00000000fc608a48,0x0000000100000000)
  to   space 88064K, 0% used [0x00000000f5400000,0x00000000f5400000,0x00000000faa00000)
 ParOldGen       total 194560K, used 172915K [0x00000000cf800000, 0x00000000db600000, 0x00000000efd80000)
  object space 194560K, 88% used [0x00000000cf800000,0x00000000da0dce28,0x00000000db600000)
 Metaspace       used 13910K, capacity 14290K, committed 14464K, reserved 1062912K
  class space    used 1537K, capacity 1643K, committed 1664K, reserved 1048576K
Event: 91.739 GC heap after
Heap after GC invocations=19 (full 5):
 PSYoungGen      total 176640K, used 3558K [0x00000000efd80000, 0x0000000100000000, 0x0000000100000000)
  eden space 88576K, 0% used [0x00000000efd80000,0x00000000efd80000,0x00000000f5400000)
  from space 88064K, 4% used [0x00000000faa00000,0x00000000fad79a08,0x0000000100000000)
  to   space 88064K, 0% used [0x00000000f5400000,0x00000000f5400000,0x00000000faa00000)
 ParOldGen       total 321536K, used 194132K [0x00000000cf800000, 0x00000000e3200000, 0x00000000efd80000)
  object space 321536K, 60% used [0x00000000cf800000,0x00000000db5951b8,0x00000000e3200000)
 Metaspace       used 13910K, capacity 14290K, committed 14464K, reserved 1062912K
  class space    used 1537K, capacity 1643K, committed 1664K, reserved 1048576K
}
Event: 98.723 GC heap before
{Heap before GC invocations=20 (full 5):
 PSYoungGen      total 176640K, used 92134K [0x00000000efd80000, 0x0000000100000000, 0x0000000100000000)
  eden space 88576K, 100% used [0x00000000efd80000,0x00000000f5400000,0x00000000f5400000)
  from space 88064K, 4% used [0x00000000faa00000,0x00000000fad79a08,0x0000000100000000)
  to   space 88064K, 0% used [0x00000000f5400000,0x00000000f5400000,0x00000000faa00000)
 ParOldGen       total 321536K, used 194132K [0x00000000cf800000, 0x00000000e3200000, 0x00000000efd80000)
  object space 321536K, 60% used [0x00000000cf800000,0x00000000db5951b8,0x00000000e3200000)
 Metaspace       used 14033K, capacity 14418K, committed 14720K, reserved 1062912K
  class space    used 1537K, capacity 1643K, committed 1664K, reserved 1048576K
Event: 99.193 GC heap after
Heap after GC invocations=20 (full 5):
 PSYoungGen      total 176640K, used 53842K [0x00000000efd80000, 0x0000000100000000, 0x0000000100000000)
  eden space 88576K, 0% used [0x00000000efd80000,0x00000000efd80000,0x00000000f5400000)
  from space 88064K, 61% used [0x00000000f5400000,0x00000000f8894a20,0x00000000faa00000)
  to   space 88064K, 0% used [0x00000000faa00000,0x00000000faa00000,0x0000000100000000)
 ParOldGen       total 321536K, used 197612K [0x00000000cf800000, 0x00000000e3200000, 0x00000000efd80000)
  object space 321536K, 61% used [0x00000000cf800000,0x00000000db8fb1b8,0x00000000e3200000)
 Metaspace       used 14033K, capacity 14418K, committed 14720K, reserved 1062912K
  class space    used 1537K, capacity 1643K, committed 1664K, reserved 1048576K
}
Event: 105.881 GC heap before
{Heap before GC invocations=21 (full 5):
 PSYoungGen      total 176640K, used 142057K [0x00000000efd80000, 0x0000000100000000, 0x0000000100000000)
  eden space 88576K, 99% used [0x00000000efd80000,0x00000000f53a5a90,0x00000000f5400000)
  from space 88064K, 61% used [0x00000000f5400000,0x00000000f8894a20,0x00000000faa00000)
  to   space 88064K, 0% used [0x00000000faa00000,0x00000000faa00000,0x0000000100000000)
 ParOldGen       total 321536K, used 197612K [0x00000000cf800000, 0x00000000e3200000, 0x00000000efd80000)
  object space 321536K, 61% used [0x00000000cf800000,0x00000000db8fb1b8,0x00000000e3200000)
 Metaspace       used 14033K, capacity 14418K, committed 14720K, reserved 1062912K
  class space    used 1537K, capacity 1643K, committed 1664K, reserved 1048576K
Event: 109.203 GC heap after
Heap after GC invocations=21 (full 5):
 PSYoungGen      total 176640K, used 88046K [0x00000000efd80000, 0x0000000100000000, 0x0000000100000000)
  eden space 88576K, 0% used [0x00000000efd80000,0x00000000efd80000,0x00000000f5400000)
  from space 88064K, 99% used [0x00000000faa00000,0x00000000ffffb9a8,0x0000000100000000)
  to   space 88064K, 0% used [0x00000000f5400000,0x00000000f5400000,0x00000000faa00000)
 ParOldGen       total 321536K, used 249548K [0x00000000cf800000, 0x00000000e3200000, 0x00000000efd80000)
  object space 321536K, 77% used [0x00000000cf800000,0x00000000debb3000,0x00000000e3200000)
 Metaspace       used 14033K, capacity 14418K, committed 14720K, reserved 1062912K
  class space    used 1537K, capacity 1643K, committed 1664K, reserved 1048576K
}
Event: 115.011 GC heap before
{Heap before GC invocations=22 (full 5):
 PSYoungGen      total 176640K, used 176622K [0x00000000efd80000, 0x0000000100000000, 0x0000000100000000)
  eden space 88576K, 100% used [0x00000000efd80000,0x00000000f5400000,0x00000000f5400000)
  from space 88064K, 99% used [0x00000000faa00000,0x00000000ffffb9a8,0x0000000100000000)
  to   space 88064K, 0% used [0x00000000f5400000,0x00000000f5400000,0x00000000faa00000)
 ParOldGen       total 321536K, used 249548K [0x00000000cf800000, 0x00000000e3200000, 0x00000000efd80000)
  object space 321536K, 77% used [0x00000000cf800000,0x00000000debb3000,0x00000000e3200000)
 Metaspace       used 14050K, capacity 14418K, committed 14720K, reserved 1062912K
  class space    used 1537K, capacity 1643K, committed 1664K, reserved 1048576K
Event: 117.098 GC heap after
Heap after GC invocations=22 (full 5):
 PSYoungGen      total 176640K, used 49309K [0x00000000efd80000, 0x0000000100000000, 0x0000000100000000)
  eden space 88576K, 0% used [0x00000000efd80000,0x00000000efd80000,0x00000000f5400000)
  from space 88064K, 55% used [0x00000000f5400000,0x00000000f8427400,0x00000000faa00000)
  to   space 88064K, 0% used [0x00000000faa00000,0x00000000faa00000,0x0000000100000000)
 ParOldGen       total 336896K, used 336414K [0x00000000cf800000, 0x00000000e4100000, 0x00000000efd80000)
  object space 336896K, 99% used [0x00000000cf800000,0x00000000e4087850,0x00000000e4100000)
 Metaspace       used 14050K, capacity 14418K, committed 14720K, reserved 1062912K
  class space    used 1537K, capacity 1643K, committed 1664K, reserved 1048576K
}
Event: 117.098 GC heap before
{Heap before GC invocations=23 (full 6):
 PSYoungGen      total 176640K, used 49309K [0x00000000efd80000, 0x0000000100000000, 0x0000000100000000)
  eden space 88576K, 0% used [0x00000000efd80000,0x00000000efd80000,0x00000000f5400000)
  from space 88064K, 55% used [0x00000000f5400000,0x00000000f8427400,0x00000000faa00000)
  to   space 88064K, 0% used [0x00000000faa00000,0x00000000faa00000,0x0000000100000000)
 ParOldGen       total 336896K, used 336414K [0x00000000cf800000, 0x00000000e4100000, 0x00000000efd80000)
  object space 336896K, 99% used [0x00000000cf800000,0x00000000e4087850,0x00000000e4100000)
 Metaspace       used 14050K, capacity 14418K, committed 14720K, reserved 1062912K
  class space    used 1537K, capacity 1643K, committed 1664K, reserved 1048576K

